{
  "uid" : "9cc78390d8aa2cec",
  "name" : "test_add_empty_contact[None:firstnamekWp:lastname2e5Euar]",
  "fullName" : "test.test_add_contact#test_add_empty_contact",
  "historyId" : "f9681628ad4e852d8c80897f35a772a7",
  "time" : {
    "start" : 1651092939537,
    "stop" : 1651092939537,
    "duration" : 0
  },
  "status" : "broken",
  "statusMessage" : "selenium.common.exceptions.NoSuchWindowException: Message: Browsing context has been discarded\nStacktrace:\nWebDriverError@chrome://remote/content/shared/webdriver/Errors.jsm:183:5\nNoSuchWindowError@chrome://remote/content/shared/webdriver/Errors.jsm:437:5\nassert.that/<@chrome://remote/content/shared/webdriver/Assert.jsm:435:13\nassert.open@chrome://remote/content/shared/webdriver/Assert.jsm:143:4\nGeckoDriver.prototype.findElement@chrome://remote/content/marionette/driver.js:1379:10\ndespatch@chrome://remote/content/marionette/server.js:306:40\nexecute@chrome://remote/content/marionette/server.js:279:16\nonPacket/<@chrome://remote/content/marionette/server.js:252:20\nonPacket@chrome://remote/content/marionette/server.js:253:9\n_onJSONObjectReady/<@chrome://remote/content/marionette/transport.js:500:20",
  "statusTrace" : "request = <SubRequest 'app' for <Function test_add_empty_contact[None:firstnamekWp:lastname2e5Euar]>>\n\n    @pytest.fixture\n    def app(request):\n        global fixture\n        global target\n        browser = request.config.getoption(\"--browser\")\n        web_config = load_config(request.config.getoption(\"--target\"))['web']\n        if fixture is None or not fixture.is_valid():\n            fixture = Application(browser=browser,base_url=web_config['baseUrl'])\n>       fixture.session.ensure_login(username=web_config['username'], password=web_config['password'])\n\nconftest.py:34: \n_ _ _ _ _ _ _ _ _ _ _ _ _ _ _ _ _ _ _ _ _ _ _ _ _ _ _ _ _ _ _ _ _ _ _ _ _ _ _ _ _ _ _ _ _ _ _ _ _ _ _ _ _ _ _ _ _ _ _ _ _ _ _ _ _ _ _ _ _ _ _ _ _ _ _ _ _ _ _ _ _ _ _ _ _ _ _\nfixture\\session.py:47: in ensure_login\n    self.login(username, password)\nfixture\\session.py:9: in login\n    wd.find_element_by_name(\"user\").click()\nenv\\lib\\site-packages\\selenium\\webdriver\\remote\\webdriver.py:665: in find_element_by_name\n    return self.find_element(by=By.NAME, value=name)\nenv\\lib\\site-packages\\selenium\\webdriver\\remote\\webdriver.py:1248: in find_element\n    return self.execute(Command.FIND_ELEMENT, {\nenv\\lib\\site-packages\\selenium\\webdriver\\remote\\webdriver.py:425: in execute\n    self.error_handler.check_response(response)\n_ _ _ _ _ _ _ _ _ _ _ _ _ _ _ _ _ _ _ _ _ _ _ _ _ _ _ _ _ _ _ _ _ _ _ _ _ _ _ _ _ _ _ _ _ _ _ _ _ _ _ _ _ _ _ _ _ _ _ _ _ _ _ _ _ _ _ _ _ _ _ _ _ _ _ _ _ _ _ _ _ _ _ _ _ _ _\n\nself = <selenium.webdriver.remote.errorhandler.ErrorHandler object at 0x000001F2112DF880>\nresponse = {'status': 404, 'value': '{\"value\":{\"error\":\"no such window\",\"message\":\"Browsing context has been discarded\",\"stacktra...ontent/marionette/server.js:253:9\\\\n_onJSONObjectReady/<@chrome://remote/content/marionette/transport.js:500:20\\\\n\"}}'}\n\n    def check_response(self, response: Dict[str, Any]) -> None:\n        \"\"\"\n        Checks that a JSON response from the WebDriver does not have an error.\n    \n        :Args:\n         - response - The JSON response from the WebDriver server as a dictionary\n           object.\n    \n        :Raises: If the response contains an error message.\n        \"\"\"\n        status = response.get('status', None)\n        if not status or status == ErrorCode.SUCCESS:\n            return\n        value = None\n        message = response.get(\"message\", \"\")\n        screen: str = response.get(\"screen\", \"\")\n        stacktrace = None\n        if isinstance(status, int):\n            value_json = response.get('value', None)\n            if value_json and isinstance(value_json, str):\n                import json\n                try:\n                    value = json.loads(value_json)\n                    if len(value.keys()) == 1:\n                        value = value['value']\n                    status = value.get('error', None)\n                    if not status:\n                        status = value.get(\"status\", ErrorCode.UNKNOWN_ERROR)\n                        message = value.get(\"value\") or value.get(\"message\")\n                        if not isinstance(message, str):\n                            value = message\n                            message = message.get('message')\n                    else:\n                        message = value.get('message', None)\n                except ValueError:\n                    pass\n    \n        exception_class: Type[WebDriverException]\n        if status in ErrorCode.NO_SUCH_ELEMENT:\n            exception_class = NoSuchElementException\n        elif status in ErrorCode.NO_SUCH_FRAME:\n            exception_class = NoSuchFrameException\n        elif status in ErrorCode.NO_SUCH_SHADOW_ROOT:\n            exception_class = NoSuchShadowRootException\n        elif status in ErrorCode.NO_SUCH_WINDOW:\n            exception_class = NoSuchWindowException\n        elif status in ErrorCode.STALE_ELEMENT_REFERENCE:\n            exception_class = StaleElementReferenceException\n        elif status in ErrorCode.ELEMENT_NOT_VISIBLE:\n            exception_class = ElementNotVisibleException\n        elif status in ErrorCode.INVALID_ELEMENT_STATE:\n            exception_class = InvalidElementStateException\n        elif status in ErrorCode.INVALID_SELECTOR \\\n                or status in ErrorCode.INVALID_XPATH_SELECTOR \\\n                or status in ErrorCode.INVALID_XPATH_SELECTOR_RETURN_TYPER:\n            exception_class = InvalidSelectorException\n        elif status in ErrorCode.ELEMENT_IS_NOT_SELECTABLE:\n            exception_class = ElementNotSelectableException\n        elif status in ErrorCode.ELEMENT_NOT_INTERACTABLE:\n            exception_class = ElementNotInteractableException\n        elif status in ErrorCode.INVALID_COOKIE_DOMAIN:\n            exception_class = InvalidCookieDomainException\n        elif status in ErrorCode.UNABLE_TO_SET_COOKIE:\n            exception_class = UnableToSetCookieException\n        elif status in ErrorCode.TIMEOUT:\n            exception_class = TimeoutException\n        elif status in ErrorCode.SCRIPT_TIMEOUT:\n            exception_class = TimeoutException\n        elif status in ErrorCode.UNKNOWN_ERROR:\n            exception_class = WebDriverException\n        elif status in ErrorCode.UNEXPECTED_ALERT_OPEN:\n            exception_class = UnexpectedAlertPresentException\n        elif status in ErrorCode.NO_ALERT_OPEN:\n            exception_class = NoAlertPresentException\n        elif status in ErrorCode.IME_NOT_AVAILABLE:\n            exception_class = ImeNotAvailableException\n        elif status in ErrorCode.IME_ENGINE_ACTIVATION_FAILED:\n            exception_class = ImeActivationFailedException\n        elif status in ErrorCode.MOVE_TARGET_OUT_OF_BOUNDS:\n            exception_class = MoveTargetOutOfBoundsException\n        elif status in ErrorCode.JAVASCRIPT_ERROR:\n            exception_class = JavascriptException\n        elif status in ErrorCode.SESSION_NOT_CREATED:\n            exception_class = SessionNotCreatedException\n        elif status in ErrorCode.INVALID_ARGUMENT:\n            exception_class = InvalidArgumentException\n        elif status in ErrorCode.NO_SUCH_COOKIE:\n            exception_class = NoSuchCookieException\n        elif status in ErrorCode.UNABLE_TO_CAPTURE_SCREEN:\n            exception_class = ScreenshotException\n        elif status in ErrorCode.ELEMENT_CLICK_INTERCEPTED:\n            exception_class = ElementClickInterceptedException\n        elif status in ErrorCode.INSECURE_CERTIFICATE:\n            exception_class = InsecureCertificateException\n        elif status in ErrorCode.INVALID_COORDINATES:\n            exception_class = InvalidCoordinatesException\n        elif status in ErrorCode.INVALID_SESSION_ID:\n            exception_class = InvalidSessionIdException\n        elif status in ErrorCode.UNKNOWN_METHOD:\n            exception_class = UnknownMethodException\n        else:\n            exception_class = WebDriverException\n        if not value:\n            value = response['value']\n        if isinstance(value, str):\n            raise exception_class(value)\n        if message == \"\" and 'message' in value:\n            message = value['message']\n    \n        screen = None  # type: ignore[assignment]\n        if 'screen' in value:\n            screen = value['screen']\n    \n        stacktrace = None\n        st_value = value.get('stackTrace') or value.get('stacktrace')\n        if st_value:\n            if isinstance(st_value, str):\n                stacktrace = st_value.split('\\n')\n            else:\n                stacktrace = []\n                try:\n                    for frame in st_value:\n                        line = self._value_or_default(frame, 'lineNumber', '')\n                        file = self._value_or_default(frame, 'fileName', '<anonymous>')\n                        if line:\n                            file = \"%s:%s\" % (file, line)\n                        meth = self._value_or_default(frame, 'methodName', '<anonymous>')\n                        if 'className' in frame:\n                            meth = \"%s.%s\" % (frame['className'], meth)\n                        msg = \"    at %s (%s)\"\n                        msg = msg % (meth, file)\n                        stacktrace.append(msg)\n                except TypeError:\n                    pass\n        if exception_class == UnexpectedAlertPresentException:\n            alert_text = None\n            if 'data' in value:\n                alert_text = value['data'].get('text')\n            elif 'alert' in value:\n                alert_text = value['alert'].get('text')\n            raise exception_class(message, screen, stacktrace, alert_text)  # type: ignore[call-arg]  # mypy is not smart enough here\n>       raise exception_class(message, screen, stacktrace)\nE       selenium.common.exceptions.NoSuchWindowException: Message: Browsing context has been discarded\nE       Stacktrace:\nE       WebDriverError@chrome://remote/content/shared/webdriver/Errors.jsm:183:5\nE       NoSuchWindowError@chrome://remote/content/shared/webdriver/Errors.jsm:437:5\nE       assert.that/<@chrome://remote/content/shared/webdriver/Assert.jsm:435:13\nE       assert.open@chrome://remote/content/shared/webdriver/Assert.jsm:143:4\nE       GeckoDriver.prototype.findElement@chrome://remote/content/marionette/driver.js:1379:10\nE       despatch@chrome://remote/content/marionette/server.js:306:40\nE       execute@chrome://remote/content/marionette/server.js:279:16\nE       onPacket/<@chrome://remote/content/marionette/server.js:252:20\nE       onPacket@chrome://remote/content/marionette/server.js:253:9\nE       _onJSONObjectReady/<@chrome://remote/content/marionette/transport.js:500:20\n\nenv\\lib\\site-packages\\selenium\\webdriver\\remote\\errorhandler.py:247: NoSuchWindowException",
  "flaky" : false,
  "newFailed" : false,
  "newBroken" : false,
  "newPassed" : false,
  "retriesCount" : 0,
  "retriesStatusChange" : false,
  "beforeStages" : [ {
    "name" : "stop",
    "time" : {
      "start" : 1651092916661,
      "stop" : 1651092916661,
      "duration" : 0
    },
    "status" : "passed",
    "steps" : [ ],
    "attachments" : [ ],
    "parameters" : [ ],
    "stepsCount" : 0,
    "hasContent" : false,
    "shouldDisplayMessage" : false,
    "attachmentsCount" : 0
  }, {
    "name" : "app",
    "time" : {
      "start" : 1651092939539,
      "stop" : 1651092952825,
      "duration" : 13286
    },
    "status" : "broken",
    "statusMessage" : "selenium.common.exceptions.NoSuchWindowException: Message: Browsing context has been discarded\nStacktrace:\nWebDriverError@chrome://remote/content/shared/webdriver/Errors.jsm:183:5\nNoSuchWindowError@chrome://remote/content/shared/webdriver/Errors.jsm:437:5\nassert.that/<@chrome://remote/content/shared/webdriver/Assert.jsm:435:13\nassert.open@chrome://remote/content/shared/webdriver/Assert.jsm:143:4\nGeckoDriver.prototype.findElement@chrome://remote/content/marionette/driver.js:1379:10\ndespatch@chrome://remote/content/marionette/server.js:306:40\nexecute@chrome://remote/content/marionette/server.js:279:16\nonPacket/<@chrome://remote/content/marionette/server.js:252:20\nonPacket@chrome://remote/content/marionette/server.js:253:9\n_onJSONObjectReady/<@chrome://remote/content/marionette/transport.js:500:20\n\n",
    "statusTrace" : "  File \"C:\\Users\\Admin\\PycharmProjects\\Python_training\\env\\lib\\site-packages\\pluggy\\_callers.py\", line 39, in _multicall\n    res = hook_impl.function(*args)\n  File \"C:\\Users\\Admin\\PycharmProjects\\Python_training\\env\\lib\\site-packages\\_pytest\\fixtures.py\", line 1111, in pytest_fixture_setup\n    result = call_fixture_func(fixturefunc, request, kwargs)\n  File \"C:\\Users\\Admin\\PycharmProjects\\Python_training\\env\\lib\\site-packages\\_pytest\\fixtures.py\", line 890, in call_fixture_func\n    fixture_result = fixturefunc(**kwargs)\n  File \"C:\\Users\\Admin\\PycharmProjects\\Python_training\\conftest.py\", line 34, in app\n    fixture.session.ensure_login(username=web_config['username'], password=web_config['password'])\n  File \"C:\\Users\\Admin\\PycharmProjects\\Python_training\\fixture\\session.py\", line 47, in ensure_login\n    self.login(username, password)\n  File \"C:\\Users\\Admin\\PycharmProjects\\Python_training\\fixture\\session.py\", line 9, in login\n    wd.find_element_by_name(\"user\").click()\n  File \"C:\\Users\\Admin\\PycharmProjects\\Python_training\\env\\lib\\site-packages\\selenium\\webdriver\\remote\\webdriver.py\", line 665, in find_element_by_name\n    return self.find_element(by=By.NAME, value=name)\n  File \"C:\\Users\\Admin\\PycharmProjects\\Python_training\\env\\lib\\site-packages\\selenium\\webdriver\\remote\\webdriver.py\", line 1248, in find_element\n    return self.execute(Command.FIND_ELEMENT, {\n  File \"C:\\Users\\Admin\\PycharmProjects\\Python_training\\env\\lib\\site-packages\\selenium\\webdriver\\remote\\webdriver.py\", line 425, in execute\n    self.error_handler.check_response(response)\n  File \"C:\\Users\\Admin\\PycharmProjects\\Python_training\\env\\lib\\site-packages\\selenium\\webdriver\\remote\\errorhandler.py\", line 247, in check_response\n    raise exception_class(message, screen, stacktrace)\n",
    "steps" : [ ],
    "attachments" : [ ],
    "parameters" : [ ],
    "stepsCount" : 0,
    "hasContent" : true,
    "shouldDisplayMessage" : true,
    "attachmentsCount" : 0
  } ],
  "afterStages" : [ {
    "name" : "stop::fin",
    "time" : {
      "start" : 1651092972464,
      "stop" : 1651092972505,
      "duration" : 41
    },
    "status" : "broken",
    "statusMessage" : "selenium.common.exceptions.InvalidSessionIdException: Message: Tried to run command without establishing a connection\n\n",
    "statusTrace" : "  File \"C:\\Users\\Admin\\PycharmProjects\\Python_training\\env\\lib\\site-packages\\allure_commons\\_allure.py\", line 200, in __call__\n    return self._fixture_function(*args, **kwargs)\n  File \"C:\\Users\\Admin\\PycharmProjects\\Python_training\\conftest.py\", line 57, in fin\n    fixture.session.ensure_logout()\n  File \"C:\\Users\\Admin\\PycharmProjects\\Python_training\\fixture\\session.py\", line 25, in ensure_logout\n    if self.is_logget_in():\n  File \"C:\\Users\\Admin\\PycharmProjects\\Python_training\\fixture\\session.py\", line 30, in is_logget_in\n    return len(wd.find_elements_by_link_text(\"Logout\")) > 0\n  File \"C:\\Users\\Admin\\PycharmProjects\\Python_training\\env\\lib\\site-packages\\selenium\\webdriver\\remote\\webdriver.py\", line 592, in find_elements_by_link_text\n    return self.find_elements(by=By.LINK_TEXT, value=text)\n  File \"C:\\Users\\Admin\\PycharmProjects\\Python_training\\env\\lib\\site-packages\\selenium\\webdriver\\remote\\webdriver.py\", line 1283, in find_elements\n    return self.execute(Command.FIND_ELEMENTS, {\n  File \"C:\\Users\\Admin\\PycharmProjects\\Python_training\\env\\lib\\site-packages\\selenium\\webdriver\\remote\\webdriver.py\", line 425, in execute\n    self.error_handler.check_response(response)\n  File \"C:\\Users\\Admin\\PycharmProjects\\Python_training\\env\\lib\\site-packages\\selenium\\webdriver\\remote\\errorhandler.py\", line 247, in check_response\n    raise exception_class(message, screen, stacktrace)\n",
    "steps" : [ ],
    "attachments" : [ ],
    "parameters" : [ ],
    "stepsCount" : 0,
    "hasContent" : true,
    "shouldDisplayMessage" : true,
    "attachmentsCount" : 0
  } ],
  "labels" : [ {
    "name" : "parentSuite",
    "value" : "test"
  }, {
    "name" : "suite",
    "value" : "test_add_contact"
  }, {
    "name" : "host",
    "value" : "DESKTOP-AFDT43T"
  }, {
    "name" : "thread",
    "value" : "10160-MainThread"
  }, {
    "name" : "framework",
    "value" : "pytest"
  }, {
    "name" : "language",
    "value" : "cpython3"
  }, {
    "name" : "package",
    "value" : "test.test_add_contact"
  }, {
    "name" : "resultFormat",
    "value" : "allure2"
  } ],
  "parameters" : [ {
    "name" : "json_contact",
    "value" : "None:firstnamekWp:lastname2e5Euar"
  } ],
  "links" : [ ],
  "hidden" : true,
  "retry" : true,
  "extra" : {
    "categories" : [ ],
    "tags" : [ ]
  },
  "source" : "9cc78390d8aa2cec.json",
  "parameterValues" : [ "None:firstnamekWp:lastname2e5Euar" ]
}